
Invoking autoreconf in build directory: F:/DIY/projects/quadcopter/devfiles/code/myPrj/


Configuration failed with error
(sh -c "autoreconf -i" 
Cannot run program "sh": Launching failed

Error: Program "sh" not found in PATH
PATH=[C:/Program Files/Java/jre7/bin/client;C:/Program Files/Java/jre7/bin;C:/Program Files/Java/jre7/lib/i386;C:\WINDOWS\system32;C:\WINDOWS;C:\WINDOWS\System32\Wbem;F:\Cadence\SPB_16.5\OpenAccess\bin\win32\opt;F:\Cadence\SPB_16.5\tools\Capture;F:\Cadence\SPB_16.5\tools\PSpice\Library;F:\Cadence\SPB_16.5\tools\PSpice;F:\Cadence\SPB_16.5\tools\specctra\bin;F:\Cadence\SPB_16.5\tools\fet\bin;F:\Cadence\SPB_16.5\tools\libutil\bin;F:\Cadence\SPB_16.5\tools\bin;F:\Cadence\SPB_16.5\tools\pcb\bin;C:\Documents and Settings\Administrator\Local Settings\Application Data\Kingsoft\WPS Office\9.1.0.4636\office6;;C:\Program Files\AllWinnerTech\PhoenixSuit\;H:\×¨ÒµÈí¼þ\eclipse-cpp-kepler-SR1-win32\eclipse;]
)Build stopped
()10:32:26 **** Clean-only build of configuration Debug for project QuadCopterV001 ****
make clean 
Cannot run program "make": Launching failed

Error: Program "make" not found in PATH
PATH=[D:\tools\Elipse\eclipse-cpp-luna-SR1-win32\eclipse;C:/Program Files/Java/jre7/bin/client;C:/Program Files/Java/jre7/bin;C:/Program Files/Java/jre7/lib/i386;C:\Windows\system32;C:\Windows;C:\Windows\System32\Wbem;C:\Windows\System32\WindowsPowerShell\v1.0\;C:\Cadence\SPB_16.5\OpenAccess\bin\win32\opt;C:\Cadence\SPB_16.5\tools\Capture;C:\Cadence\SPB_16.5\tools\PSpice\Library;C:\Cadence\SPB_16.5\tools\PSpice;C:\Cadence\SPB_16.5\tools\specctra\bin;C:\Cadence\SPB_16.5\tools\fet\bin;C:\Cadence\SPB_16.5\tools\libutil\bin;C:\Cadence\SPB_16.5\tools\bin;C:\Cadence\SPB_16.5\tools\pcb\bin]
10:32:26 **** Build of configuration Debug for project QuadCopterV001 ****
make all 
Cannot run program "make": Launching failed

Error: Program "make" not found in PATH
PATH=[D:\tools\Elipse\eclipse-cpp-luna-SR1-win32\eclipse;C:/Program Files/Java/jre7/bin/client;C:/Program Files/Java/jre7/bin;C:/Program Files/Java/jre7/lib/i386;C:\Windows\system32;C:\Windows;C:\Windows\System32\Wbem;C:\Windows\System32\WindowsPowerShell\v1.0\;C:\Cadence\SPB_16.5\OpenAccess\bin\win32\opt;C:\Cadence\SPB_16.5\tools\Capture;C:\Cadence\SPB_16.5\tools\PSpice\Library;C:\Cadence\SPB_16.5\tools\PSpice;C:\Cadence\SPB_16.5\tools\specctra\bin;C:\Cadence\SPB_16.5\tools\fet\bin;C:\Cadence\SPB_16.5\tools\libutil\bin;C:\Cadence\SPB_16.5\tools\bin;C:\Cadence\SPB_16.5\tools\pcb\bin]
10:32:57 **** Incremental Build of configuration Debug for project QuadCopterV001 ****
make all 
Cannot run program "make": Launching failed

Error: Program "make" not found in PATH
PATH=[D:\tools\Elipse\eclipse-cpp-luna-SR1-win32\eclipse;C:/Program Files/Java/jre7/bin/client;C:/Program Files/Java/jre7/bin;C:/Program Files/Java/jre7/lib/i386;C:\Windows\system32;C:\Windows;C:\Windows\System32\Wbem;C:\Windows\System32\WindowsPowerShell\v1.0\;C:\Cadence\SPB_16.5\OpenAccess\bin\win32\opt;C:\Cadence\SPB_16.5\tools\Capture;C:\Cadence\SPB_16.5\tools\PSpice\Library;C:\Cadence\SPB_16.5\tools\PSpice;C:\Cadence\SPB_16.5\tools\specctra\bin;C:\Cadence\SPB_16.5\tools\fet\bin;C:\Cadence\SPB_16.5\tools\libutil\bin;C:\Cadence\SPB_16.5\tools\bin;C:\Cadence\SPB_16.5\tools\pcb\bin]
